2026-03-14 18:00:35,873 [      1]   INFO - #c.i.i.AppStarter - ------------------------------------------------------ IDE STARTED ------------------------------------------------------
2026-03-14 18:00:35,876 [      4]   INFO - #c.i.u.EnvironmentUtil - loading shell env is skipped: IDE has been launched from a terminal (SHLVL=1)
2026-03-14 18:00:35,889 [     17]   INFO - #c.i.i.p.PluginManager - Module intellij.sh.python is not enabled because dependency com.intellij.modules.python is not available
Module intellij.space.gateway is not enabled because dependency com.jetbrains.gateway is not available
Module intellij.space.php is not enabled because dependency com.jetbrains.php is not available
Module intellij.space.index is not enabled because dependency intellij.indexing.shared is not available
2026-03-14 18:00:35,896 [     24]   INFO - #c.i.i.p.PluginManager - Loaded bundled plugins: Toml (231.9414.13), Java Internationalization (231.9414.13), Gradle-Java-Analysis (231.9414.13), com.intellij.tracing.ide (231.9414.13), Ant (231.9414.13), Qodana (231.9414.13), Maven (231.9414.13), Android (2022.1.1.231.9414.13), UI Designer (231.9414.13), IDE Features Trainer (231.9414.13), Gradle-Maven (231.9414.13), JUnit (231.9414.13), WebP Support (231.9414.13), Perforce Helix Core (231.9414.13), HTML Tools (231.9414.13), Kotlin (231-1.8.21-IJ9414.13), JetBrains maven model api classes (231.9414.13), JetBrains Marketplace Licensing Support (231.9414.13), Configuration Script (231.9414.13), Subversion (231.9414.13), EditorConfig (231.9414.13), com.intellij.dev (231.9414.13), Java Stream Debugger (231.9414.13), TestNG (231.9414.13), Task Management (231.9414.13), Emoji Picker (231.9414.13), Gradle DSL API (231.9414.13), Git (231.9414.13), Shell Script (231.9414.13), Markdown (231.9414.13), Grazie Lite (231.9414.13), Code Coverage for Java (231.9414.13), Space (231.9414.13), Settings Sync (231.9414.13), Projector Libraries for Code With Me and Remote Development (231.9414.13), IDEA CORE (231.9414.13), Android Design Tools (231.9414.13), Lombok (231.9414.13), XPathView + XSLT (231.9414.13), Bytecode Viewer (231.9414.13), Package Search (231.9414.13), GitHub (231.9414.13), Terminal (231.9414.13), TextMate Bundles (231.9414.13), JetBrains Repository Search (231.9414.13), Java Bytecode Decompiler (231.9414.13), Smali Support (231.9414.13), Java IDE Customization (231.9414.13), Maven server api classes (231.9414.13), Gradle Dependency Updater Implementation (231.9414.13), YAML (231.9414.13), Shared Indexes (231.9414.13), Machine Learning Code Completion (231.9414.13), Properties (231.9414.13), Gradle (231.9414.13), Copyright (231.9414.13), Package Checker (231.9414.13), Java (231.9414.13), Images (231.9414.13), Machine Learning in Search Everywhere (231.9414.13), IntelliLang (231.9414.13), NetBeans Keymap (231.9414.13), Eclipse Interoperability (231.9414.13), Mercurial (231.9414.13), Gradle-Java (231.9414.13), Visual Studio Keymap (231.9414.13), Eclipse Keymap (231.9414.13), Performance Testing (231.9414.13), Code With Me (231.9414.13), Groovy (231.9414.13), Plugin DevKit (231.9414.13), JavaFX (231.9414.13)
2026-03-14 18:00:35,896 [     24]   INFO - #c.i.i.p.PluginManager - Loaded custom plugins: LogitCat (0.1.0)
2026-03-14 18:00:36,886 [   1014]   INFO - #c.i.i.AppStarter - JNA library (64-bit) loaded in 1010 ms
2026-03-14 18:00:36,888 [   1016]   INFO - #c.i.i.AppStarter - IDE: IntelliJ IDEA (build #IC-231.9414.13, 14 Feb 2024 17:28)
2026-03-14 18:00:36,888 [   1016]   INFO - #c.i.i.AppStarter - OS: Mac OS X (26.3, aarch64)
2026-03-14 18:00:36,889 [   1017]   INFO - #c.i.i.AppStarter - JRE: 17.0.10+10-b829.26 (JetBrains s.r.o.)
2026-03-14 18:00:36,889 [   1017]   INFO - #c.i.i.AppStarter - JVM: 17.0.10+10-b829.26 (OpenJDK 64-Bit Server VM)
2026-03-14 18:00:36,892 [   1020]   INFO - #c.i.i.AppStarter - PID: 91217
2026-03-14 18:00:36,898 [   1026]   INFO - #c.i.i.AppStarter - JVM options: [-Dapple.awt.fileDialogForDirectories=true, -Dapple.laf.useScreenMenuBar=true, -Didea.auto.reload.plugins=true, -Didea.classpath.index.enabled=false, -Didea.config.path=/Users/samdavid/projects/logitcat-intellij/build/idea-sandbox/config, -Didea.is.internal=true, -Didea.log.path=/Users/samdavid/projects/logitcat-intellij/build/idea-sandbox/system/log, -Didea.paths.selector=IdeaIC2023.1, -Didea.platform.prefix=Idea, -Didea.plugin.in.sandbox.mode=true, -Didea.plugins.path=/Users/samdavid/projects/logitcat-intellij/build/idea-sandbox/plugins, -Didea.required.plugins.id=com.sammug.logitcat, -Didea.smooth.progress=false, -Didea.system.path=/Users/samdavid/projects/logitcat-intellij/build/idea-sandbox/system, -Didea.vendor.name=JetBrains, -Djava.system.class.loader=com.intellij.util.lang.PathClassLoader, -Djbr.catch.SIGABRT=true, -Djdk.attach.allowAttachSelf=true, -Djdk.http.auth.tunneling.disabledSchemes="", -Djdk.module.illegalAccess.silent=true, -Djna.boot.library.path=/Users/samdavid/.gradle/caches/modules-2/files-2.1/com.jetbrains.intellij.idea/ideaIC/2023.1.6/c041616be9d0b5ba86d70441c763f3a27ed710cd/ideaIC-2023.1.6/lib/jna/aarch64, -Djna.noclasspath=true, -Djna.nosys=true, -Dpty4j.preferred.native.folder=/Users/samdavid/.gradle/caches/modules-2/files-2.1/com.jetbrains.intellij.idea/ideaIC/2023.1.6/c041616be9d0b5ba86d70441c763f3a27ed710cd/ideaIC-2023.1.6/lib/pty4j, -Dsplash=true, -Dsun.io.useCanonCaches=false, -Dsun.java2d.metal=true, -XX:ReservedCodeCacheSize=512m, -XX:+UseG1GC, -XX:SoftRefLRUPolicyMSPerMB=50, -XX:CICompilerCount=2, -XX:+HeapDumpOnOutOfMemoryError, -XX:-OmitStackTraceInFastThrow, -XX:+IgnoreUnrecognizedVMOptions, -XX:CompileCommand=exclude,com/intellij/openapi/vfs/impl/FilePartNodeRoot,trieDescend, -javaagent:/Users/samdavid/projects/logitcat-intellij/build/tmp/initializeIntelliJPlugin/coroutines-javaagent.jar, --add-opens=java.base/java.io=ALL-UNNAMED, --add-opens=java.base/java.lang=ALL-UNNAMED, --add-opens=java.base/java.lang.ref=ALL-UNNAMED, --add-opens=java.base/java.lang.reflect=ALL-UNNAMED, --add-opens=java.base/java.net=ALL-UNNAMED, --add-opens=java.base/java.nio=ALL-UNNAMED, --add-opens=java.base/java.nio.charset=ALL-UNNAMED, --add-opens=java.base/java.text=ALL-UNNAMED, --add-opens=java.base/java.time=ALL-UNNAMED, --add-opens=java.base/java.util=ALL-UNNAMED, --add-opens=java.base/java.util.concurrent=ALL-UNNAMED, --add-opens=java.base/java.util.concurrent.atomic=ALL-UNNAMED, --add-opens=java.base/jdk.internal.vm=ALL-UNNAMED, --add-opens=java.base/sun.nio.ch=ALL-UNNAMED, --add-opens=java.base/sun.nio.fs=ALL-UNNAMED, --add-opens=java.base/sun.security.ssl=ALL-UNNAMED, --add-opens=java.base/sun.security.util=ALL-UNNAMED, --add-opens=java.base/sun.net.dns=ALL-UNNAMED, --add-opens=java.desktop/com.apple.eawt=ALL-UNNAMED, --add-opens=java.desktop/com.apple.eawt.event=ALL-UNNAMED, --add-opens=java.desktop/com.apple.laf=ALL-UNNAMED, --add-opens=java.desktop/java.awt=ALL-UNNAMED, --add-opens=java.desktop/java.awt.dnd.peer=ALL-UNNAMED, --add-opens=java.desktop/java.awt.event=ALL-UNNAMED, --add-opens=java.desktop/java.awt.image=ALL-UNNAMED, --add-opens=java.desktop/java.awt.peer=ALL-UNNAMED, --add-opens=java.desktop/java.awt.font=ALL-UNNAMED, --add-opens=java.desktop/javax.swing=ALL-UNNAMED, --add-opens=java.desktop/javax.swing.plaf.basic=ALL-UNNAMED, --add-opens=java.desktop/javax.swing.text.html=ALL-UNNAMED, --add-opens=java.desktop/sun.awt.datatransfer=ALL-UNNAMED, --add-opens=java.desktop/sun.awt.image=ALL-UNNAMED, --add-opens=java.desktop/sun.awt=ALL-UNNAMED, --add-opens=java.desktop/sun.font=ALL-UNNAMED, --add-opens=java.desktop/sun.java2d=ALL-UNNAMED, --add-opens=java.desktop/sun.lwawt=ALL-UNNAMED, --add-opens=java.desktop/sun.lwawt.macosx=ALL-UNNAMED, --add-opens=java.desktop/sun.swing=ALL-UNNAMED, --add-opens=jdk.attach/sun.tools.attach=ALL-UNNAMED, --add-opens=jdk.compiler/com.sun.tools.javac.api=ALL-UNNAMED, --add-opens=jdk.internal.jvmstat/sun.jvmstat.monitor=ALL-UNNAMED, --add-opens=jdk.jdi/com.sun.tools.jdi=ALL-UNNAMED, -Xms128m, -Xmx750m, -Dfile.encoding=UTF-8, -Duser.country=US, -Duser.language=en, -Duser.variant, -ea]
2026-03-14 18:00:36,899 [   1027]   INFO - #c.i.i.AppStarter - args: traverseUI /Users/samdavid/projects/logitcat-intellij/build/searchableOptions true
2026-03-14 18:00:36,899 [   1027]   INFO - #c.i.i.AppStarter - library path: /Users/samdavid/Library/Java/Extensions:/Library/Java/Extensions:/Network/Library/Java/Extensions:/System/Library/Java/Extensions:/usr/lib/java:.
2026-03-14 18:00:36,899 [   1027]   INFO - #c.i.i.AppStarter - boot library path: /Users/samdavid/.gradle/caches/modules-2/files-2.1/com.jetbrains/jbre/jbr_jcef-17.0.10-osx-aarch64-b829.26/extracted/jbr_jcef-17.0.10-osx-aarch64-b829.26/Contents/Home/lib
2026-03-14 18:00:36,910 [   1038]   INFO - #c.i.i.AppStarter - locale=en_US JNU=UTF-8 file.encoding=UTF-8
    idea.config.path=/Users/samdavid/projects/logitcat-intellij/build/idea-sandbox/config
    idea.system.path=/Users/samdavid/projects/logitcat-intellij/build/idea-sandbox/system
    idea.plugins.path=/Users/samdavid/projects/logitcat-intellij/build/idea-sandbox/plugins
    idea.log.path=/Users/samdavid/projects/logitcat-intellij/build/idea-sandbox/system/log
2026-03-14 18:00:36,911 [   1039]   INFO - #c.i.i.AppStarter - CPU cores: 12; ForkJoinPool.commonPool: java.util.concurrent.ForkJoinPool@524ee147[Running, parallelism = 12, size = 0, active = 0, running = 0, steals = 0, tasks = 0, submissions = 0]; factory: com.intellij.concurrency.IdeaForkJoinWorkerThreadFactory@44f4a
2026-03-14 18:00:37,377 [   1505]   INFO - #c.i.i.p.DisabledPluginsState - Plugins to enable: [com.jetbrains.codeWithMe]
2026-03-14 18:00:37,461 [   1589]   INFO - #c.i.i.p.ExpiredPluginsState - Plugins to skip: []
2026-03-14 18:00:37,483 [   1611]   INFO - #c.i.u.i.PageCacheUtils - File page caching params:
2026-03-14 18:00:37,483 [   1611]   INFO - #c.i.u.i.PageCacheUtils - 	DEFAULT_PAGE_SIZE:10485760
2026-03-14 18:00:37,483 [   1611]   INFO - #c.i.u.i.PageCacheUtils - 	FilePageCache: regular
2026-03-14 18:00:37,483 [   1611]   INFO - #c.i.u.i.PageCacheUtils - 	DirectByteBuffers pool: 0 bytes
2026-03-14 18:00:37,493 [   1621]   WARN - #c.i.o.v.n.p.l.VfsLog - VFS Log version differs from the implementation version: log null vs implementation -43
2026-03-14 18:00:37,496 [   1624]   INFO - #c.i.a.o.PathMacrosImpl - Loaded path macros: {MAVEN_REPOSITORY=/Users/samdavid/.m2/repository}
2026-03-14 18:00:37,499 [   1627]   WARN - #c.i.u.n.s.ConfirmingTrustManager - Received an empty list of custom trusted root certificates from the system. Check log above for possible errors, enable debug logging in category 'org.jetbrains.nativecerts' for more information
2026-03-14 18:00:37,501 [   1629]   INFO - #c.i.u.n.s.CertificateManager - Default SSL context initialized
2026-03-14 18:00:37,507 [   1635]   INFO - #c.i.o.v.n.p.PersistentFSConnector - VFS uses strict names enumerator
2026-03-14 18:00:37,512 [   1640]   INFO - #c.i.o.v.n.p.PersistentFSConnector - VFS uses regular attributes storage
2026-03-14 18:00:37,522 [   1650]   INFO - #com.android.tools.idea.serverflags.ServerFlagInitializer - Enabled server flags: 
2026-03-14 18:00:37,522 [   1650]   INFO - #c.i.o.v.n.p.FSRecords - using REGULAR storage for VFS records
2026-03-14 18:00:37,538 [   1666]   INFO - #c.i.o.v.n.p.PersistentFSConnector - 2 ms to load free records and inverted name index
2026-03-14 18:00:37,561 [   1689]   INFO - #o.j.i.BuiltInServerManager - built-in server started, port 63344
2026-03-14 18:00:37,641 [   1769]   INFO - #c.i.o.v.i.l.NativeFileWatcherImpl - Native file watcher is disabled
2026-03-14 18:00:37,651 [   1779]   WARN - #c.j.p.PluginClassPathRuntimeCustomizer - There was more than one class loaded in Projector Plugin classloader - this is likely a bug!
2026-03-14 18:00:37,761 [   1889]   INFO - #c.i.i.s.p.i.SharedIndexMainZipStorage - Shared Indexes Storage is opened and empty
2026-03-14 18:00:37,916 [   2044]   INFO - #c.i.o.a.Experiments - Experimental features enabled for user: wsl.p9.support, wsl.prefer.p9.support, wsl.p9.show.roots.in.file.chooser, wsl.execute.with.wsl.exe, linux.native.menu, recent.and.edited.files.together, show.create.new.element.in.popup, search.everywhere.mixed.results, new.project.wizard, editor.reader.mode, new.large.text.file.viewer, terminal.shell.command.handling
2026-03-14 18:00:37,938 [   2066]   INFO - #c.i.u.i.FileBasedIndexImpl - Indices to be built:json.file.root.values(v = 5),JavaFxControllerClassIndex(v = 1),org.jetbrains.kotlin.idea.vfilefinder.KotlinJvmModuleAnnotationsIndex(v = 1),Trigram.Index(v = 4099),devkit.ExtensionPointClassIndex(v = 1),HtmlTagIdIndex(v = 3),java.fun.expression(v = 4102),DomFileIndex(v = 0),org.jetbrains.kotlin.idea.vfilefinder.KotlinModuleMappingIndex(v = 5),yaml.keys.name(v = 1),javafx.custom.component(v = 2),FilenameIndex(v = 258),org.jetbrains.kotlin.idea.versions.KotlinJsMetadataVersionIndex(v = 3),java.auto.module.name(v = 6),xmlProperties(v = 2),SchemaTypeInheritance(v = 2),org.jetbrains.kotlin.idea.vfilefinder.KlibMetaFileIndex(v = 4),java.source.module.name(v = 4),NavXmlIndex(v = 10),bytecodeAnalysis(v = 4107),PluginIdModuleIndex(v = 2),IdIndex(v = 4118),org.jetbrains.kotlin.idea.vfilefinder.KotlinBuiltInsMetadataIndex(v = 1),editorconfig.index.name(v = 5),BindingXmlIndex(v = 10),com.intellij.uiDesigner.FormClassIndex(v = 0),java.null.method.argument(v = 4097),PluginIdDependenciesIndex(v = 5),fileIncludes(v = 6),devkit.ExtensionPointIndex(v = 0),RelaxSymbolIndex(v = 0),org.jetbrains.kotlin.idea.vfilefinder.KotlinPartialPackageNamesIndex(v = 4),XsltSymbolIndex(v = 0),LombokConfigIndex(v = 12),FrameworkDetectionIndex(v = 65536),javafx.id.name(v = 3),XmlNamespaces(v = 8),html5.custom.attributes.index(v = 1),org.jetbrains.kotlin.idea.vfilefinder.KotlinMetadataFilePackageIndex(v = 1),ant-imports(v = 5),Stubs(v = 46),com.android.tools.idea.model.AndroidManifestIndex$Companion$NAME$1.NAME(v = 10),TodoIndex(v = 4109),java.binary.plus.expression(v = 4100),org.jetbrains.kotlin.idea.versions.KotlinJvmMetadataVersionIndex(v = 5),org.jetbrains.kotlin.idea.vfilefinder.KotlinJavaScriptMetaFileIndex(v = 4),IdeaPluginRegistrationIndex(v = 8),org.jetbrains.kotlin.idea.vfilefinder.KotlinPackageSourcesMemberNamesIndex(v = 2),filetypes(v = 4096),XmlTagNames(v = 1),org.jetbrains.kotlin.idea.vfilefinder.KotlinClassFileIndex(v = 3),org.jetbrains.kotlin.idea.vfilefinder.KotlinStdlibIndex(v = 1),org.jetbrains.kotlin.idea.vfilefinder.KotlinMetadataFileIndex(v = 1)
2026-03-14 18:00:37,939 [   2067]   INFO - c.i.u.i.FileBasedIndexDataInitialization - Index data initialization done: 286 ms. Initialized indexes: [filetypes, FilenameIndex, XmlTagNames, DomFileIndex, RelaxSymbolIndex, XmlNamespaces, Trigram.Index, SchemaTypeInheritance, FrameworkDetectionIndex, html5.custom.attributes.index, IdIndex, java.auto.module.name, TodoIndex, json.file.root.values, xmlProperties, XsltSymbolIndex, HtmlTagIdIndex, editorconfig.index.name, yaml.keys.name, java.source.module.name, fileIncludes, java.fun.expression, java.null.method.argument, PluginIdModuleIndex, PluginIdDependenciesIndex, bytecodeAnalysis, IdeaPluginRegistrationIndex, java.binary.plus.expression, devkit.ExtensionPointIndex, ant-imports, JavaFxControllerClassIndex, LombokConfigIndex, javafx.id.name, devkit.ExtensionPointClassIndex, javafx.custom.component, org.jetbrains.kotlin.idea.versions.KotlinJsMetadataVersionIndex, org.jetbrains.kotlin.idea.vfilefinder.KotlinJavaScriptMetaFileIndex, org.jetbrains.kotlin.idea.versions.KotlinJvmMetadataVersionIndex, org.jetbrains.kotlin.idea.vfilefinder.KotlinJvmModuleAnnotationsIndex, org.jetbrains.kotlin.idea.vfilefinder.KotlinMetadataFilePackageIndex, org.jetbrains.kotlin.idea.vfilefinder.KotlinClassFileIndex, org.jetbrains.kotlin.idea.vfilefinder.KotlinModuleMappingIndex, org.jetbrains.kotlin.idea.vfilefinder.KotlinMetadataFileIndex, org.jetbrains.kotlin.idea.vfilefinder.KotlinBuiltInsMetadataIndex, org.jetbrains.kotlin.idea.vfilefinder.KotlinPartialPackageNamesIndex, org.jetbrains.kotlin.idea.vfilefinder.KotlinPackageSourcesMemberNamesIndex, org.jetbrains.kotlin.idea.vfilefinder.KotlinStdlibIndex, org.jetbrains.kotlin.idea.vfilefinder.KlibMetaFileIndex, com.intellij.uiDesigner.FormClassIndex, com.android.tools.idea.model.AndroidManifestIndex$Companion$NAME$1.NAME, BindingXmlIndex, NavXmlIndex, Stubs].
2026-03-14 18:00:38,296 [   2424]   INFO - #c.i.p.s.StubIndexImpl - Following stub indices will be built:org.jetbrains.kotlin.idea.stubindex.KotlinTopLevelTypeAliasFqNameIndex(v = 2),java.field.name(v = 2),org.jetbrains.kotlin.idea.stubindex.KotlinTopLevelPropertyFqnNameIndex(v = 2),java.method.name(v = 2),jvm.static.member.type(v = 2),org.jetbrains.kotlin.idea.stubindex.KotlinProbablyContractedFunctionShortNameIndex(v = 2),gr.class.fqn(v = 4),org.jetbrains.kotlin.idea.stubindex.KotlinTopLevelFunctionFqnNameIndex(v = 2),gr.class.fqn.s(v = 5),properties.index(v = 2),markdown.header(v = 2),org.jetbrains.kotlin.idea.stubindex.KotlinScriptFqnIndex(v = 2),org.jetbrains.kotlin.idea.stubindex.KotlinTopLevelClassByPackageIndex(v = 2),org.jetbrains.kotlin.idea.stubindex.KotlinTypeAliasByExpansionShortNameIndex(v = 2),java.module.name(v = 4),java.annotations(v = 2),gr.class.super(v = 5),org.jetbrains.kotlin.idea.stubindex.KotlinTopLevelFunctionByPackageIndex(v = 2),org.jetbrains.kotlin.idea.stubindex.KotlinProbablyNothingFunctionShortNameIndex(v = 2),java.method.parameter.types(v = 3),org.jetbrains.kotlin.idea.stubindex.KotlinProbablyNothingPropertyShortNameIndex(v = 2),org.jetbrains.kotlin.idea.stubindex.KotlinOverridableInternalMembersShortNameIndex(v = 2),java.class.extlist(v = 3),gr.method.name(v = 5),org.jetbrains.kotlin.idea.stubindex.KotlinTypeAliasShortNameIndex(v = 2),org.jetbrains.kotlin.idea.stubindex.KotlinPropertyShortNameIndex(v = 2),jvm.static.member.name(v = 2),org.jetbrains.kotlin.idea.stubindex.KotlinMultifileClassPartIndex(v = 2),gr.script.fqn.s(v = 5),org.jetbrains.kotlin.idea.stubindex.KotlinInnerTypeAliasClassIdIndex(v = 2),org.jetbrains.kotlin.idea.stubindex.KotlinClassShortNameIndex(v = 2),markdown.header.anchor(v = 2),org.jetbrains.kotlin.idea.stubindex.KotlinFilePartClassIndex(v = 2),kotlin.primeIndexKey(v = 2),gr.script.fqn(v = 5),org.jetbrains.kotlin.idea.stubindex.KotlinFileFacadeClassByPackageIndex(v = 2),org.jetbrains.kotlin.idea.stubindex.KotlinExtensionsInObjectsByReceiverTypeIndex(v = 2),org.jetbrains.kotlin.idea.stubindex.KotlinSuperClassIndex(v = 2),org.jetbrains.kotlin.idea.stubindex.KotlinFileFacadeShortNameIndex(v = 2),org.jetbrains.kotlin.idea.stubindex.KotlinFullClassNameIndex(v = 2),org.jetbrains.kotlin.idea.stubindex.KotlinJvmNameAnnotationIndex(v = 2),org.jetbrains.kotlin.idea.stubindex.KotlinFunctionShortNameIndex(v = 2),gr.anonymous.class(v = 6),org.jetbrains.kotlin.idea.stubindex.KotlinTopLevelTypeAliasByPackageIndex(v = 2),gr.annot.members(v = 5),org.jetbrains.kotlin.idea.stubindex.KotlinFileFacadeFqNameIndex(v = 2),org.jetbrains.kotlin.idea.stubindex.KotlinExactPackagesIndex(v = 2),org.jetbrains.kotlin.idea.stubindex.KotlinSubclassObjectNameIndex(v = 2),dom.namespaceKey(v = 1),gr.annot.method.name(v = 5),org.jetbrains.kotlin.idea.stubindex.KotlinAnnotationsIndex(v = 3),dom.elementClass(v = 0),java.anonymous.baseref(v = 2),java.class.fqn(v = 1),gr.script.class(v = 5),gr.field.name(v = 5),java.class.shortname(v = 4),org.jetbrains.kotlin.idea.stubindex.KotlinTopLevelExtensionsByReceiverTypeIndex(v = 3),org.jetbrains.kotlin.idea.stubindex.KotlinTopLevelPropertyByPackageIndex(v = 2)
2026-03-14 18:00:38,297 [   2425]   INFO - c.i.p.s.StubIndexImpl$StubIndexInitialization - Index data initialization done: 357 ms. Initialized stub indexes: {gr.annot.members, org.jetbrains.kotlin.idea.stubindex.KotlinMultifileClassPartIndex, org.jetbrains.kotlin.idea.stubindex.KotlinFilePartClassIndex, org.jetbrains.kotlin.idea.stubindex.KotlinFunctionShortNameIndex, org.jetbrains.kotlin.idea.stubindex.KotlinProbablyContractedFunctionShortNameIndex, java.anonymous.baseref, dom.namespaceKey, java.class.extlist, org.jetbrains.kotlin.idea.stubindex.KotlinJvmNameAnnotationIndex, jvm.static.member.name, org.jetbrains.kotlin.idea.stubindex.KotlinInnerTypeAliasClassIdIndex, dom.elementClass, org.jetbrains.kotlin.idea.stubindex.KotlinClassShortNameIndex, java.method.name, org.jetbrains.kotlin.idea.stubindex.KotlinSuperClassIndex, java.annotations, gr.annot.method.name, org.jetbrains.kotlin.idea.stubindex.KotlinExtensionsInObjectsByReceiverTypeIndex, gr.script.class, gr.class.super, gr.method.name, org.jetbrains.kotlin.idea.stubindex.KotlinTopLevelPropertyByPackageIndex, org.jetbrains.kotlin.idea.stubindex.KotlinFullClassNameIndex, org.jetbrains.kotlin.idea.stubindex.KotlinTopLevelExtensionsByReceiverTypeIndex, gr.field.name, org.jetbrains.kotlin.idea.stubindex.KotlinTypeAliasShortNameIndex, org.jetbrains.kotlin.idea.stubindex.KotlinFileFacadeFqNameIndex, java.module.name, org.jetbrains.kotlin.idea.stubindex.KotlinProbablyNothingFunctionShortNameIndex, gr.script.fqn.s, org.jetbrains.kotlin.idea.stubindex.KotlinTopLevelFunctionFqnNameIndex, org.jetbrains.kotlin.idea.stubindex.KotlinOverridableInternalMembersShortNameIndex, org.jetbrains.kotlin.idea.stubindex.KotlinExactPackagesIndex, org.jetbrains.kotlin.idea.stubindex.KotlinPropertyShortNameIndex, jvm.static.member.type, gr.anonymous.class, org.jetbrains.kotlin.idea.stubindex.KotlinTypeAliasByExpansionShortNameIndex, java.field.name, gr.class.fqn, org.jetbrains.kotlin.idea.stubindex.KotlinAnnotationsIndex, org.jetbrains.kotlin.idea.stubindex.KotlinTopLevelFunctionByPackageIndex, org.jetbrains.kotlin.idea.stubindex.KotlinTopLevelPropertyFqnNameIndex, org.jetbrains.kotlin.idea.stubindex.KotlinFileFacadeShortNameIndex, org.jetbrains.kotlin.idea.stubindex.KotlinFileFacadeClassByPackageIndex, properties.index, org.jetbrains.kotlin.idea.stubindex.KotlinTopLevelTypeAliasByPackageIndex, java.class.fqn, java.class.shortname, org.jetbrains.kotlin.idea.stubindex.KotlinTopLevelClassByPackageIndex, org.jetbrains.kotlin.idea.stubindex.KotlinTopLevelTypeAliasFqNameIndex, gr.script.fqn, kotlin.primeIndexKey, gr.class.fqn.s, org.jetbrains.kotlin.idea.stubindex.KotlinSubclassObjectNameIndex, java.method.parameter.types, markdown.header, markdown.header.anchor, org.jetbrains.kotlin.idea.stubindex.KotlinScriptFqnIndex, org.jetbrains.kotlin.idea.stubindex.KotlinProbablyNothingPropertyShortNameIndex}.
2026-03-14 18:00:39,834 [   3962]   INFO - #c.i.o.a.i.NonBlockingReadActionImpl - OTel monitoring for NonBlockingReadAction is enabled
2026-03-14 18:00:41,538 [   5666]   INFO - #c.i.r.OsRegistryConfigProvider - Looking for 'lobbyServerUrl' value in [/Library/Application Support/JetBrains/CodeWithMe/lobbyServerUrl, /Library/Application Support/JetBrains/CodeWithMe/config.json, /Users/samdavid/Library/Application Support/JetBrains/CodeWithMe/lobbyServerUrl, /Users/samdavid/Library/Application Support/JetBrains/CodeWithMe/config.json]
2026-03-14 18:00:41,539 [   5667]   INFO - #c.i.r.OsRegistryConfigProvider - OS provided value for 'lobbyServerUrl' is not found
2026-03-14 18:00:41,540 [   5668]   INFO - #c.j.r.p.c.u.CodeWithMeSystemSettings - Setting default value='https://code-with-me.jetbrains.com'
2026-03-14 18:00:41,547 [   5675]   INFO - #c.i.r.OsRegistryConfigProvider - Looking for 'lobbyServerUrl' value in [/Library/Application Support/JetBrains/CodeWithMe/lobbyServerUrl, /Library/Application Support/JetBrains/CodeWithMe/config.json, /Users/samdavid/Library/Application Support/JetBrains/CodeWithMe/lobbyServerUrl, /Users/samdavid/Library/Application Support/JetBrains/CodeWithMe/config.json]
2026-03-14 18:00:41,547 [   5675]   INFO - #c.i.r.OsRegistryConfigProvider - OS provided value for 'lobbyServerUrl' is not found
2026-03-14 18:00:41,547 [   5675]   INFO - #c.j.r.p.c.u.CodeWithMeSystemSettings - Setting default value='https://code-with-me.jetbrains.com'
2026-03-14 18:00:42,364 [   6492]   WARN - #c.i.u.j.JBCefApp - JCEF is manually disabled in headless env via 'ide.browser.jcef.headless.enabled=false'
2026-03-14 18:00:42,367 [   6495]   INFO - #org.intellij.plugins.markdown.settings.MarkdownSettings - Migrating Markdown settings
2026-03-14 18:00:43,204 [   7332]   INFO - STDOUT - Found 224 configurables
2026-03-14 18:00:44,380 [   8508]   INFO - STDOUT - Output written to /Users/samdavid/projects/logitcat-intellij/build/searchableOptions/devkit.jar!/search/devkit.jar!.searchableOptions.xml
2026-03-14 18:00:44,380 [   8508]   INFO - STDOUT - Output written to /Users/samdavid/projects/logitcat-intellij/build/searchableOptions/textmate.jar/search/textmate.jar.searchableOptions.xml
2026-03-14 18:00:44,384 [   8512]   INFO - STDOUT - Output written to /Users/samdavid/projects/logitcat-intellij/build/searchableOptions/markdown.jar/search/markdown.jar.searchableOptions.xml
2026-03-14 18:00:44,384 [   8512]   INFO - STDOUT - Output written to /Users/samdavid/projects/logitcat-intellij/build/searchableOptions/instrumented-logitcat-intellij-0.1.0.jar/search/instrumented-logitcat-intellij-0.1.0.jar.searchableOptions.xml
2026-03-14 18:00:44,384 [   8512]   INFO - STDOUT - Output written to /Users/samdavid/projects/logitcat-intellij/build/searchableOptions/IntelliLang.jar/search/IntelliLang.jar.searchableOptions.xml
2026-03-14 18:00:44,385 [   8513]   INFO - STDOUT - Output written to /Users/samdavid/projects/logitcat-intellij/build/searchableOptions/eclipse.jar/search/eclipse.jar.searchableOptions.xml
2026-03-14 18:00:44,385 [   8513]   INFO - STDOUT - Output written to /Users/samdavid/projects/logitcat-intellij/build/searchableOptions/tasks-core.jar/search/tasks-core.jar.searchableOptions.xml
2026-03-14 18:00:44,385 [   8513]   INFO - STDOUT - Output written to /Users/samdavid/projects/logitcat-intellij/build/searchableOptions/sh.jar/search/sh.jar.searchableOptions.xml
2026-03-14 18:00:44,386 [   8514]   INFO - STDOUT - Output written to /Users/samdavid/projects/logitcat-intellij/build/searchableOptions/java-coverage.jar/search/java-coverage.jar.searchableOptions.xml
2026-03-14 18:00:44,386 [   8514]   INFO - STDOUT - Output written to /Users/samdavid/projects/logitcat-intellij/build/searchableOptions/devkit.jar/search/devkit.jar.searchableOptions.xml
2026-03-14 18:00:44,386 [   8514]   INFO - STDOUT - Output written to /Users/samdavid/projects/logitcat-intellij/build/searchableOptions/java-impl.jar!/search/java-impl.jar!.searchableOptions.xml
2026-03-14 18:00:44,387 [   8515]   INFO - STDOUT - Output written to /Users/samdavid/projects/logitcat-intellij/build/searchableOptions/javaFX.jar!/search/javaFX.jar!.searchableOptions.xml
2026-03-14 18:00:44,387 [   8515]   INFO - STDOUT - Output written to /Users/samdavid/projects/logitcat-intellij/build/searchableOptions/searchEverywhereMl.jar/search/searchEverywhereMl.jar.searchableOptions.xml
2026-03-14 18:00:44,387 [   8515]   INFO - STDOUT - Output written to /Users/samdavid/projects/logitcat-intellij/build/searchableOptions/idea-junit.jar!/search/idea-junit.jar!.searchableOptions.xml
2026-03-14 18:00:44,387 [   8515]   INFO - STDOUT - Output written to /Users/samdavid/projects/logitcat-intellij/build/searchableOptions/uiDesigner.jar/search/uiDesigner.jar.searchableOptions.xml
2026-03-14 18:00:44,388 [   8516]   INFO - STDOUT - Output written to /Users/samdavid/projects/logitcat-intellij/build/searchableOptions/javaFX.jar/search/javaFX.jar.searchableOptions.xml
2026-03-14 18:00:44,388 [   8516]   INFO - STDOUT - Output written to /Users/samdavid/projects/logitcat-intellij/build/searchableOptions/dev.jar/search/dev.jar.searchableOptions.xml
2026-03-14 18:00:44,388 [   8516]   INFO - STDOUT - Output written to /Users/samdavid/projects/logitcat-intellij/build/searchableOptions/space.jar/search/space.jar.searchableOptions.xml
2026-03-14 18:00:44,389 [   8517]   INFO - STDOUT - Output written to /Users/samdavid/projects/logitcat-intellij/build/searchableOptions/cwm-plugin-terminal.jar/search/cwm-plugin-terminal.jar.searchableOptions.xml
2026-03-14 18:00:44,389 [   8517]   INFO - STDOUT - Output written to /Users/samdavid/projects/logitcat-intellij/build/searchableOptions/vcs-svn.jar/search/vcs-svn.jar.searchableOptions.xml
2026-03-14 18:00:44,389 [   8517]   INFO - STDOUT - Output written to /Users/samdavid/projects/logitcat-intellij/build/searchableOptions/byteCodeViewer.jar/search/byteCodeViewer.jar.searchableOptions.xml
2026-03-14 18:00:44,390 [   8518]   INFO - STDOUT - Output written to /Users/samdavid/projects/logitcat-intellij/build/searchableOptions/testng-plugin.jar!/search/testng-plugin.jar!.searchableOptions.xml
2026-03-14 18:00:44,390 [   8518]   INFO - STDOUT - Output written to /Users/samdavid/projects/logitcat-intellij/build/searchableOptions/android.jar!/search/android.jar!.searchableOptions.xml
2026-03-14 18:00:44,390 [   8518]   INFO - STDOUT - Output written to /Users/samdavid/projects/logitcat-intellij/build/searchableOptions/marketplace.jar/search/marketplace.jar.searchableOptions.xml
2026-03-14 18:00:44,391 [   8519]   INFO - STDOUT - Output written to /Users/samdavid/projects/logitcat-intellij/build/searchableOptions/maven.jar/search/maven.jar.searchableOptions.xml
2026-03-14 18:00:44,391 [   8519]   INFO - STDOUT - Output written to /Users/samdavid/projects/logitcat-intellij/build/searchableOptions/copyright.jar/search/copyright.jar.searchableOptions.xml
2026-03-14 18:00:44,392 [   8520]   INFO - STDOUT - Output written to /Users/samdavid/projects/logitcat-intellij/build/searchableOptions/maven.jar!/search/maven.jar!.searchableOptions.xml
2026-03-14 18:00:44,393 [   8521]   INFO - STDOUT - Output written to /Users/samdavid/projects/logitcat-intellij/build/searchableOptions/Groovy.jar/search/Groovy.jar.searchableOptions.xml
2026-03-14 18:00:44,393 [   8521]   INFO - STDOUT - Output written to /Users/samdavid/projects/logitcat-intellij/build/searchableOptions/terminal.jar/search/terminal.jar.searchableOptions.xml
2026-03-14 18:00:44,393 [   8521]   INFO - STDOUT - Output written to /Users/samdavid/projects/logitcat-intellij/build/searchableOptions/antIntegration.jar/search/antIntegration.jar.searchableOptions.xml
2026-03-14 18:00:44,393 [   8521]   INFO - STDOUT - Output written to /Users/samdavid/projects/logitcat-intellij/build/searchableOptions/gradle-java.jar/search/gradle-java.jar.searchableOptions.xml
2026-03-14 18:00:44,394 [   8522]   INFO - STDOUT - Output written to /Users/samdavid/projects/logitcat-intellij/build/searchableOptions/properties.jar/search/properties.jar.searchableOptions.xml
2026-03-14 18:00:44,396 [   8524]   INFO - STDOUT - Output written to /Users/samdavid/projects/logitcat-intellij/build/searchableOptions/java-impl.jar/search/java-impl.jar.searchableOptions.xml
2026-03-14 18:00:44,396 [   8524]   INFO - STDOUT - Output written to /Users/samdavid/projects/logitcat-intellij/build/searchableOptions/adt-ui.jar/search/adt-ui.jar.searchableOptions.xml
2026-03-14 18:00:44,396 [   8524]   INFO - STDOUT - Output written to /Users/samdavid/projects/logitcat-intellij/build/searchableOptions/html-tools.jar/search/html-tools.jar.searchableOptions.xml
2026-03-14 18:00:44,397 [   8525]   INFO - STDOUT - Output written to /Users/samdavid/projects/logitcat-intellij/build/searchableOptions/vcs-perforce.jar/search/vcs-perforce.jar.searchableOptions.xml
2026-03-14 18:00:44,397 [   8525]   INFO - STDOUT - Output written to /Users/samdavid/projects/logitcat-intellij/build/searchableOptions/java-debugger-streams.jar/search/java-debugger-streams.jar.searchableOptions.xml
2026-03-14 18:00:44,397 [   8525]   INFO - STDOUT - Output written to /Users/samdavid/projects/logitcat-intellij/build/searchableOptions/gradle.jar/search/gradle.jar.searchableOptions.xml
2026-03-14 18:00:44,397 [   8525]   INFO - STDOUT - Output written to /Users/samdavid/projects/logitcat-intellij/build/searchableOptions/testng-plugin.jar/search/testng-plugin.jar.searchableOptions.xml
2026-03-14 18:00:44,398 [   8526]   INFO - STDOUT - Output written to /Users/samdavid/projects/logitcat-intellij/build/searchableOptions/grazie.jar/search/grazie.jar.searchableOptions.xml
2026-03-14 18:00:44,398 [   8526]   INFO - STDOUT - Output written to /Users/samdavid/projects/logitcat-intellij/build/searchableOptions/qodana.jar/search/qodana.jar.searchableOptions.xml
2026-03-14 18:00:44,405 [   8533]   INFO - STDOUT - Output written to /Users/samdavid/projects/logitcat-intellij/build/searchableOptions/app.jar/search/app.jar.searchableOptions.xml
2026-03-14 18:00:44,406 [   8534]   INFO - STDOUT - Output written to /Users/samdavid/projects/logitcat-intellij/build/searchableOptions/android.jar/search/android.jar.searchableOptions.xml
2026-03-14 18:00:44,406 [   8534]   INFO - STDOUT - Output written to /Users/samdavid/projects/logitcat-intellij/build/searchableOptions/completionMlRanking.jar/search/completionMlRanking.jar.searchableOptions.xml
2026-03-14 18:00:44,406 [   8534]   INFO - STDOUT - Output written to /Users/samdavid/projects/logitcat-intellij/build/searchableOptions/java-decompiler.jar/search/java-decompiler.jar.searchableOptions.xml
2026-03-14 18:00:44,407 [   8535]   INFO - STDOUT - Output written to /Users/samdavid/projects/logitcat-intellij/build/searchableOptions/vcs-hg.jar/search/vcs-hg.jar.searchableOptions.xml
2026-03-14 18:00:44,407 [   8535]   INFO - STDOUT - Output written to /Users/samdavid/projects/logitcat-intellij/build/searchableOptions/xpath.jar/search/xpath.jar.searchableOptions.xml
2026-03-14 18:00:44,407 [   8535]   INFO - STDOUT - Output written to /Users/samdavid/projects/logitcat-intellij/build/searchableOptions/performanceTesting.jar/search/performanceTesting.jar.searchableOptions.xml
2026-03-14 18:00:44,407 [   8535]   INFO - STDOUT - Output written to /Users/samdavid/projects/logitcat-intellij/build/searchableOptions/packageSearch.jar/search/packageSearch.jar.searchableOptions.xml
2026-03-14 18:00:44,408 [   8536]   INFO - STDOUT - Output written to /Users/samdavid/projects/logitcat-intellij/build/searchableOptions/cwm-common.jar/search/cwm-common.jar.searchableOptions.xml
2026-03-14 18:00:44,408 [   8536]   INFO - STDOUT - Output written to /Users/samdavid/projects/logitcat-intellij/build/searchableOptions/java-i18n.jar/search/java-i18n.jar.searchableOptions.xml
2026-03-14 18:00:44,408 [   8536]   INFO - STDOUT - Output written to /Users/samdavid/projects/logitcat-intellij/build/searchableOptions/Groovy.jar!/search/Groovy.jar!.searchableOptions.xml
2026-03-14 18:00:44,408 [   8536]   INFO - STDOUT - Output written to /Users/samdavid/projects/logitcat-intellij/build/searchableOptions/emojipicker.jar/search/emojipicker.jar.searchableOptions.xml
2026-03-14 18:00:44,408 [   8536]   INFO - STDOUT - Output written to /Users/samdavid/projects/logitcat-intellij/build/searchableOptions/toml.jar/search/toml.jar.searchableOptions.xml
2026-03-14 18:00:44,408 [   8536]   INFO - STDOUT - Output written to /Users/samdavid/projects/logitcat-intellij/build/searchableOptions/idea-junit.jar/search/idea-junit.jar.searchableOptions.xml
2026-03-14 18:00:44,409 [   8537]   INFO - STDOUT - Output written to /Users/samdavid/projects/logitcat-intellij/build/searchableOptions/yaml.jar/search/yaml.jar.searchableOptions.xml
2026-03-14 18:00:44,409 [   8537]   INFO - STDOUT - Output written to /Users/samdavid/projects/logitcat-intellij/build/searchableOptions/packageChecker.jar/search/packageChecker.jar.searchableOptions.xml
2026-03-14 18:00:44,409 [   8537]   INFO - STDOUT - Output written to /Users/samdavid/projects/logitcat-intellij/build/searchableOptions/platform-tracing-ide.jar/search/platform-tracing-ide.jar.searchableOptions.xml
2026-03-14 18:00:44,409 [   8537]   INFO - STDOUT - Output written to /Users/samdavid/projects/logitcat-intellij/build/searchableOptions/editorconfig.jar/search/editorconfig.jar.searchableOptions.xml
2026-03-14 18:00:44,409 [   8537]   INFO - STDOUT - Output written to /Users/samdavid/projects/logitcat-intellij/build/searchableOptions/vcs-github.jar/search/vcs-github.jar.searchableOptions.xml
2026-03-14 18:00:44,410 [   8538]   INFO - STDOUT - Output written to /Users/samdavid/projects/logitcat-intellij/build/searchableOptions/lombok.jar/search/lombok.jar.searchableOptions.xml
2026-03-14 18:00:44,410 [   8538]   INFO - STDOUT - Output written to /Users/samdavid/projects/logitcat-intellij/build/searchableOptions/platform-langInjection.jar/search/platform-langInjection.jar.searchableOptions.xml
2026-03-14 18:00:44,410 [   8538]   INFO - STDOUT - Output written to /Users/samdavid/projects/logitcat-intellij/build/searchableOptions/platform-images.jar/search/platform-images.jar.searchableOptions.xml
2026-03-14 18:00:44,411 [   8539]   INFO - STDOUT - Output written to /Users/samdavid/projects/logitcat-intellij/build/searchableOptions/vcs-git.jar/search/vcs-git.jar.searchableOptions.xml
2026-03-14 18:00:44,411 [   8539]   INFO - STDOUT - Output written to /Users/samdavid/projects/logitcat-intellij/build/searchableOptions/kotlin-plugin.jar/search/kotlin-plugin.jar.searchableOptions.xml
2026-03-14 18:00:44,411 [   8539]   INFO - STDOUT - Output written to /Users/samdavid/projects/logitcat-intellij/build/searchableOptions/indexing-shared.jar/search/indexing-shared.jar.searchableOptions.xml
2026-03-14 18:00:44,412 [   8540]   INFO - STDOUT - Output written to /Users/samdavid/projects/logitcat-intellij/build/searchableOptions/featuresTrainer.jar/search/featuresTrainer.jar.searchableOptions.xml
2026-03-14 18:00:44,412 [   8540]   INFO - STDOUT - Output written to /Users/samdavid/projects/logitcat-intellij/build/searchableOptions/design-tools.jar/search/design-tools.jar.searchableOptions.xml
2026-03-14 18:00:44,412 [   8540]   INFO - STDOUT - Output written to /Users/samdavid/projects/logitcat-intellij/build/searchableOptions/kotlin-plugin.jar!/search/kotlin-plugin.jar!.searchableOptions.xml
2026-03-14 18:00:44,412 [   8540]   INFO - STDOUT - Output written to /Users/samdavid/projects/logitcat-intellij/build/searchableOptions/cwm-host.jar/search/cwm-host.jar.searchableOptions.xml
2026-03-14 18:00:44,412 [   8540]   INFO - STDOUT - Output written to /Users/samdavid/projects/logitcat-intellij/build/searchableOptions/gradle-java-maven.jar/search/gradle-java-maven.jar.searchableOptions.xml
2026-03-14 18:00:44,412 [   8540]   INFO - STDOUT - Output written to /Users/samdavid/projects/logitcat-intellij/build/searchableOptions/settingsSync.jar/search/settingsSync.jar.searchableOptions.xml
2026-03-14 18:00:44,413 [   8541]   INFO - STDOUT - Searchable options index builder completed
2026-03-14 18:00:44,428 [   8556]   INFO - #o.j.i.BuiltInServer - web server stopped
2026-03-14 18:00:44,435 [   8563]   INFO - #c.i.u.i.FileBasedIndexImpl - Index dispose started
2026-03-14 18:00:44,450 [   8578]   INFO - #c.i.p.s.StubIndexImpl - StubIndexExtension-s were unloaded
2026-03-14 18:00:44,451 [   8579]   INFO - #c.i.p.s.SerializationManagerImpl - Start shutting down /Users/samdavid/projects/logitcat-intellij/build/idea-sandbox/system/index/rep.names
2026-03-14 18:00:44,451 [   8579]   INFO - #c.i.p.s.SerializationManagerImpl - Finished shutting down /Users/samdavid/projects/logitcat-intellij/build/idea-sandbox/system/index/rep.names
2026-03-14 18:00:44,451 [   8579]   INFO - #c.i.u.i.FileBasedIndexImpl - Index dispose completed in 16ms.
2026-03-14 18:00:44,504 [   8632]   INFO - #c.i.o.v.n.p.PersistentFSImpl - VFS dispose started
2026-03-14 18:00:44,507 [   8635]   INFO - #c.i.o.v.n.p.PersistentFSImpl - VFS dispose completed in 3ms.
2026-03-14 18:00:44,529 [   8657]   INFO - #c.i.o.f.i.FileTypeDetectionService - 0 auto-detected files. Detection took 0 ms
2026-03-14 18:00:44,531 [   8659]   INFO - #c.i.i.AppStarter - ------------------------------------------------------ IDE SHUTDOWN ------------------------------------------------------
